Arguments: 
  /Users/prop/.nvm/versions/node/v6.10.1/bin/node /usr/local/bin/yarn add npx

PATH: 
  /Users/prop/.rvm/gems/ruby-2.2.2/bin:/Users/prop/.rvm/gems/ruby-2.2.2@global/bin:/Users/prop/.rvm/rubies/ruby-2.2.2/bin:/Users/prop/go/bin:/Users/prop/.nvm/versions/node/v6.10.1/bin:/usr/local/bin:/usr/bin:/bin:/usr/local/sbin:/usr/sbin:/sbin:/opt/X11/bin:/usr/local/share/dotnet:/usr/local/git/bin:/usr/local/go/bin:/Library/Frameworks/Mono.framework/Versions/Current/Commands:/Users/prop/bin:/Users/prop/.npm-packages/bin:/usr/local/bin:/Users/prop/.rvm/bin

Yarn version: 
  0.27.5

Node version: 
  6.10.1

Platform: 
  darwin x64

npm manifest: 
  {
    "name": "okp-bot",
    "version": "1.0.0",
    "main": "index.js",
    "author": "okmttdhr",
    "license": "MIT",
    "scripts": {
      "deploy": "$(npm bin)/serverless deploy --stage",
      "deploy:development": "yarn deploy development",
      "deploy:staging": "yarn deploy staging",
      "deploy:production": "yarn deploy production",
      "deploy:list": "$(npm bin)/serverless deploy list --stage"
    },
  }

yarn manifest: 
  No manifest

Lockfile: 
  No lockfile

Trace: 
  SyntaxError: /Users/prop/github/okp-bot/package.json: Unexpected token } in JSON at position 397
      at Object.parse (native)
      at /usr/local/Cellar/yarn/0.27.5/libexec/lib/yarn-cli.js:747:57
      at next (native)
      at step (/usr/local/Cellar/yarn/0.27.5/libexec/lib/yarn-cli.js:91:30)
      at /usr/local/Cellar/yarn/0.27.5/libexec/lib/yarn-cli.js:102:13
